<?xml version="1.0" encoding="UTF-8"?>
<coverage generated="1637503158143" clover="3.2.0">
  <project timestamp="1637503158143" name="All files">
    <metrics statements="29" coveredstatements="29" conditionals="11" coveredconditionals="11" methods="2" coveredmethods="2" elements="42" coveredelements="42" complexity="0" loc="29" ncloc="29" packages="1" files="1" classes="1"/>
    <file name="genDiff.js" path="/Users/andrei/WebstormProjects/frontend-project-lvl2/frontend-project-lvl2/src/genDiff.js">
      <metrics statements="29" coveredstatements="29" conditionals="11" coveredconditionals="11" methods="2" coveredmethods="2"/>
      <line num="1" count="1" type="stmt"/>
      <line num="2" count="1" type="stmt"/>
      <line num="3" count="1" type="cond" truecount="1" falsecount="0"/>
      <line num="4" count="4" type="stmt"/>
      <line num="5" count="4" type="stmt"/>
      <line num="6" count="4" type="stmt"/>
      <line num="7" count="4" type="cond" truecount="1" falsecount="0"/>
      <line num="8" count="11" type="cond" truecount="1" falsecount="0"/>
      <line num="9" count="7" type="stmt"/>
      <line num="10" count="7" type="stmt"/>
      <line num="11" count="11" type="cond" truecount="2" falsecount="0"/>
      <line num="12" count="2" type="stmt"/>
      <line num="13" count="2" type="stmt"/>
      <line num="14" count="2" type="stmt"/>
      <line num="15" count="2" type="stmt"/>
      <line num="16" count="4" type="stmt"/>
      <line num="17" count="1" type="cond" truecount="1" falsecount="0"/>
      <line num="18" count="4" type="cond" truecount="1" falsecount="0"/>
      <line num="19" count="11" type="stmt"/>
      <line num="20" count="11" type="cond" truecount="1" falsecount="0"/>
      <line num="21" count="1" type="stmt"/>
      <line num="22" count="11" type="cond" truecount="1" falsecount="0"/>
      <line num="23" count="10" type="cond" truecount="2" falsecount="0"/>
      <line num="24" count="10" type="stmt"/>
      <line num="25" count="11" type="stmt"/>
      <line num="26" count="4" type="stmt"/>
      <line num="27" count="4" type="stmt"/>
      <line num="28" count="4" type="stmt"/>
      <line num="29" count="1" type="stmt"/>
    </file>
  </project>
</coverage>
