<?xml version="1.0" encoding="UTF-8"?>
<coverage generated="1637930707329" clover="3.2.0">
  <project timestamp="1637930707329" name="All files">
    <metrics statements="87" coveredstatements="87" conditionals="28" coveredconditionals="27" methods="7" coveredmethods="7" elements="122" coveredelements="121" complexity="0" loc="87" ncloc="87" packages="1" files="3" classes="3"/>
    <file name="genDiff.js" path="/Users/andrei/WebstormProjects/frontend-project-lvl2/frontend-project-lvl2/src/genDiff.js">
      <metrics statements="62" coveredstatements="62" conditionals="23" coveredconditionals="23" methods="4" coveredmethods="4"/>
      <line num="1" count="1" type="stmt"/>
      <line num="2" count="1" type="stmt"/>
      <line num="3" count="1" type="stmt"/>
      <line num="4" count="1" type="cond" truecount="1" falsecount="0"/>
      <line num="5" count="24" type="stmt"/>
      <line num="6" count="24" type="stmt"/>
      <line num="7" count="24" type="stmt"/>
      <line num="8" count="24" type="cond" truecount="1" falsecount="0"/>
      <line num="9" count="18" type="cond" truecount="1" falsecount="0"/>
      <line num="10" count="2" type="stmt"/>
      <line num="11" count="2" type="stmt"/>
      <line num="12" count="18" type="cond" truecount="2" falsecount="0"/>
      <line num="13" count="3" type="stmt"/>
      <line num="14" count="3" type="stmt"/>
      <line num="15" count="13" type="cond" truecount="1" falsecount="0"/>
      <line num="16" count="13" type="stmt"/>
      <line num="17" count="24" type="stmt"/>
      <line num="18" count="1" type="cond" truecount="1" falsecount="0"/>
      <line num="19" count="6" type="stmt"/>
      <line num="20" count="6" type="stmt"/>
      <line num="21" count="6" type="cond" truecount="1" falsecount="0"/>
      <line num="22" count="6" type="cond" truecount="1" falsecount="0"/>
      <line num="23" count="2" type="stmt"/>
      <line num="24" count="2" type="stmt"/>
      <line num="25" count="6" type="cond" truecount="1" falsecount="0"/>
      <line num="26" count="4" type="stmt"/>
      <line num="27" count="4" type="stmt"/>
      <line num="28" count="6" type="stmt"/>
      <line num="29" count="6" type="stmt"/>
      <line num="30" count="1" type="cond" truecount="1" falsecount="0"/>
      <line num="31" count="14" type="stmt"/>
      <line num="32" count="14" type="cond" truecount="1" falsecount="0"/>
      <line num="33" count="24" type="cond" truecount="1" falsecount="0"/>
      <line num="34" count="42" type="cond" truecount="1" falsecount="0"/>
      <line num="35" count="28" type="cond" truecount="1" falsecount="0"/>
      <line num="36" count="8" type="stmt"/>
      <line num="37" count="28" type="cond" truecount="1" falsecount="0"/>
      <line num="38" count="20" type="cond" truecount="1" falsecount="0"/>
      <line num="39" count="10" type="stmt"/>
      <line num="40" count="10" type="stmt"/>
      <line num="41" count="10" type="stmt"/>
      <line num="42" count="10" type="stmt"/>
      <line num="43" count="20" type="stmt"/>
      <line num="44" count="42" type="cond" truecount="3" falsecount="0"/>
      <line num="45" count="10" type="stmt"/>
      <line num="46" count="10" type="stmt"/>
      <line num="47" count="14" type="cond" truecount="1" falsecount="0"/>
      <line num="48" count="4" type="cond" truecount="1" falsecount="0"/>
      <line num="49" count="2" type="stmt"/>
      <line num="50" count="2" type="stmt"/>
      <line num="51" count="2" type="stmt"/>
      <line num="52" count="2" type="stmt"/>
      <line num="53" count="2" type="stmt"/>
      <line num="54" count="2" type="stmt"/>
      <line num="55" count="4" type="stmt"/>
      <line num="56" count="42" type="stmt"/>
      <line num="57" count="24" type="cond" truecount="1" falsecount="0"/>
      <line num="58" count="24" type="stmt"/>
      <line num="59" count="14" type="stmt"/>
      <line num="60" count="14" type="stmt"/>
      <line num="61" count="1" type="stmt"/>
      <line num="62" count="1" type="stmt"/>
    </file>
    <file name="parsers.js" path="/Users/andrei/WebstormProjects/frontend-project-lvl2/frontend-project-lvl2/src/parsers.js">
      <metrics statements="16" coveredstatements="16" conditionals="3" coveredconditionals="2" methods="1" coveredmethods="1"/>
      <line num="1" count="1" type="stmt"/>
      <line num="2" count="1" type="stmt"/>
      <line num="3" count="1" type="stmt"/>
      <line num="4" count="1" type="stmt"/>
      <line num="5" count="1" type="cond" truecount="1" falsecount="0"/>
      <line num="6" count="2" type="stmt"/>
      <line num="7" count="2" type="stmt"/>
      <line num="8" count="2" type="stmt"/>
      <line num="9" count="2" type="cond" truecount="1" falsecount="0"/>
      <line num="10" count="1" type="stmt"/>
      <line num="11" count="1" type="cond" truecount="0" falsecount="1"/>
      <line num="12" count="1" type="stmt"/>
      <line num="13" count="1" type="stmt"/>
      <line num="14" count="2" type="stmt"/>
      <line num="15" count="2" type="stmt"/>
      <line num="16" count="1" type="stmt"/>
    </file>
    <file name="readFile.js" path="/Users/andrei/WebstormProjects/frontend-project-lvl2/frontend-project-lvl2/src/readFile.js">
      <metrics statements="9" coveredstatements="9" conditionals="2" coveredconditionals="2" methods="2" coveredmethods="2"/>
      <line num="1" count="1" type="stmt"/>
      <line num="2" count="1" type="stmt"/>
      <line num="3" count="1" type="stmt"/>
      <line num="4" count="1" type="stmt"/>
      <line num="5" count="1" type="stmt"/>
      <line num="6" count="1" type="stmt"/>
      <line num="7" count="1" type="cond" truecount="1" falsecount="0"/>
      <line num="8" count="1" type="cond" truecount="1" falsecount="0"/>
      <line num="9" count="1" type="stmt"/>
    </file>
  </project>
</coverage>
