{"/Users/andrei/WebstormProjects/frontend-project-lvl2/frontend-project-lvl2/src/getDifference.js": {"path":"/Users/andrei/WebstormProjects/frontend-project-lvl2/frontend-project-lvl2/src/getDifference.js","all":false,"statementMap":{"0":{"start":{"line":1,"column":0},"end":{"line":1,"column":23}},"1":{"start":{"line":2,"column":0},"end":{"line":2,"column":0}},"2":{"start":{"line":3,"column":0},"end":{"line":3,"column":40}},"3":{"start":{"line":4,"column":0},"end":{"line":4,"column":15}},"4":{"start":{"line":5,"column":0},"end":{"line":5,"column":19}},"5":{"start":{"line":6,"column":0},"end":{"line":6,"column":26}},"6":{"start":{"line":7,"column":0},"end":{"line":7,"column":24}},"7":{"start":{"line":8,"column":0},"end":{"line":8,"column":23}},"8":{"start":{"line":9,"column":0},"end":{"line":9,"column":28}},"9":{"start":{"line":10,"column":0},"end":{"line":10,"column":36}},"10":{"start":{"line":11,"column":0},"end":{"line":11,"column":48}},"11":{"start":{"line":12,"column":0},"end":{"line":12,"column":14}},"12":{"start":{"line":13,"column":0},"end":{"line":13,"column":36}},"13":{"start":{"line":14,"column":0},"end":{"line":14,"column":27}},"14":{"start":{"line":15,"column":0},"end":{"line":15,"column":7}},"15":{"start":{"line":16,"column":0},"end":{"line":16,"column":20}},"16":{"start":{"line":17,"column":0},"end":{"line":17,"column":7}},"17":{"start":{"line":18,"column":0},"end":{"line":18,"column":2}},"18":{"start":{"line":19,"column":0},"end":{"line":19,"column":41}},"19":{"start":{"line":20,"column":0},"end":{"line":20,"column":63}},"20":{"start":{"line":21,"column":0},"end":{"line":21,"column":28}},"21":{"start":{"line":22,"column":0},"end":{"line":22,"column":22}},"22":{"start":{"line":23,"column":0},"end":{"line":23,"column":21}},"23":{"start":{"line":24,"column":0},"end":{"line":24,"column":59}},"24":{"start":{"line":25,"column":0},"end":{"line":25,"column":30}},"25":{"start":{"line":26,"column":0},"end":{"line":26,"column":59}},"26":{"start":{"line":27,"column":0},"end":{"line":27,"column":62}},"27":{"start":{"line":28,"column":0},"end":{"line":28,"column":30}},"28":{"start":{"line":29,"column":0},"end":{"line":29,"column":53}},"29":{"start":{"line":30,"column":0},"end":{"line":30,"column":62}},"30":{"start":{"line":31,"column":0},"end":{"line":31,"column":28}},"31":{"start":{"line":32,"column":0},"end":{"line":32,"column":53}},"32":{"start":{"line":33,"column":0},"end":{"line":33,"column":12}},"33":{"start":{"line":34,"column":0},"end":{"line":34,"column":31}},"34":{"start":{"line":35,"column":0},"end":{"line":35,"column":30}},"35":{"start":{"line":36,"column":0},"end":{"line":36,"column":34}},"36":{"start":{"line":37,"column":0},"end":{"line":37,"column":38}},"37":{"start":{"line":38,"column":0},"end":{"line":38,"column":32}},"38":{"start":{"line":39,"column":0},"end":{"line":39,"column":34}},"39":{"start":{"line":40,"column":0},"end":{"line":40,"column":87}},"40":{"start":{"line":41,"column":0},"end":{"line":41,"column":37}},"41":{"start":{"line":42,"column":0},"end":{"line":42,"column":34}},"42":{"start":{"line":43,"column":0},"end":{"line":43,"column":64}},"43":{"start":{"line":44,"column":0},"end":{"line":44,"column":41}},"44":{"start":{"line":45,"column":0},"end":{"line":45,"column":44}},"45":{"start":{"line":46,"column":0},"end":{"line":46,"column":34}},"46":{"start":{"line":47,"column":0},"end":{"line":47,"column":43}},"47":{"start":{"line":48,"column":0},"end":{"line":48,"column":62}},"48":{"start":{"line":49,"column":0},"end":{"line":49,"column":16}},"49":{"start":{"line":50,"column":0},"end":{"line":50,"column":34}},"50":{"start":{"line":51,"column":0},"end":{"line":51,"column":43}},"51":{"start":{"line":52,"column":0},"end":{"line":52,"column":41}},"52":{"start":{"line":53,"column":0},"end":{"line":53,"column":9}},"53":{"start":{"line":54,"column":0},"end":{"line":54,"column":14}},"54":{"start":{"line":55,"column":0},"end":{"line":55,"column":34}},"55":{"start":{"line":56,"column":0},"end":{"line":56,"column":34}},"56":{"start":{"line":57,"column":0},"end":{"line":57,"column":7}},"57":{"start":{"line":58,"column":0},"end":{"line":58,"column":5}},"58":{"start":{"line":59,"column":0},"end":{"line":59,"column":18}},"59":{"start":{"line":60,"column":0},"end":{"line":60,"column":5}},"60":{"start":{"line":61,"column":0},"end":{"line":61,"column":2}},"61":{"start":{"line":62,"column":0},"end":{"line":62,"column":29}}},"s":{"0":1,"1":1,"2":1,"3":42,"4":42,"5":42,"6":54,"7":54,"8":54,"9":18,"10":18,"11":54,"12":36,"13":36,"14":36,"15":54,"16":54,"17":42,"18":1,"19":30,"20":30,"21":108,"22":108,"23":108,"24":24,"25":24,"26":108,"27":6,"28":6,"29":84,"30":12,"31":12,"32":78,"33":66,"34":18,"35":18,"36":66,"37":6,"38":6,"39":48,"40":24,"41":6,"42":6,"43":6,"44":24,"45":0,"46":0,"47":0,"48":18,"49":18,"50":18,"51":18,"52":18,"53":42,"54":18,"55":18,"56":18,"57":66,"58":108,"59":108,"60":30,"61":1},"branchMap":{"0":{"type":"branch","line":3,"loc":{"start":{"line":3,"column":29},"end":{"line":18,"column":2}},"locations":[{"start":{"line":3,"column":29},"end":{"line":18,"column":2}}]},"1":{"type":"branch","line":6,"loc":{"start":{"line":6,"column":9},"end":{"line":17,"column":7}},"locations":[{"start":{"line":6,"column":9},"end":{"line":17,"column":7}}]},"2":{"type":"branch","line":9,"loc":{"start":{"line":9,"column":27},"end":{"line":12,"column":13}},"locations":[{"start":{"line":9,"column":27},"end":{"line":12,"column":13}}]},"3":{"type":"branch","line":12,"loc":{"start":{"line":12,"column":7},"end":{"line":15,"column":7}},"locations":[{"start":{"line":12,"column":7},"end":{"line":15,"column":7}}]},"4":{"type":"branch","line":19,"loc":{"start":{"line":19,"column":22},"end":{"line":61,"column":2}},"locations":[{"start":{"line":19,"column":22},"end":{"line":61,"column":2}}]},"5":{"type":"branch","line":21,"loc":{"start":{"line":21,"column":19},"end":{"line":60,"column":5}},"locations":[{"start":{"line":21,"column":19},"end":{"line":60,"column":5}}]},"6":{"type":"branch","line":24,"loc":{"start":{"line":24,"column":8},"end":{"line":24,"column":35}},"locations":[{"start":{"line":24,"column":8},"end":{"line":24,"column":35}}]},"7":{"type":"branch","line":24,"loc":{"start":{"line":24,"column":58},"end":{"line":27,"column":11}},"locations":[{"start":{"line":24,"column":58},"end":{"line":27,"column":11}}]},"8":{"type":"branch","line":27,"loc":{"start":{"line":27,"column":5},"end":{"line":58,"column":5}},"locations":[{"start":{"line":27,"column":5},"end":{"line":58,"column":5}}]},"9":{"type":"branch","line":27,"loc":{"start":{"line":27,"column":15},"end":{"line":27,"column":43}},"locations":[{"start":{"line":27,"column":15},"end":{"line":27,"column":43}}]},"10":{"type":"branch","line":27,"loc":{"start":{"line":27,"column":61},"end":{"line":30,"column":11}},"locations":[{"start":{"line":27,"column":61},"end":{"line":30,"column":11}}]},"11":{"type":"branch","line":30,"loc":{"start":{"line":30,"column":5},"end":{"line":58,"column":5}},"locations":[{"start":{"line":30,"column":5},"end":{"line":58,"column":5}}]},"12":{"type":"branch","line":30,"loc":{"start":{"line":30,"column":15},"end":{"line":30,"column":43}},"locations":[{"start":{"line":30,"column":15},"end":{"line":30,"column":43}}]},"13":{"type":"branch","line":30,"loc":{"start":{"line":30,"column":61},"end":{"line":33,"column":11}},"locations":[{"start":{"line":30,"column":61},"end":{"line":33,"column":11}}]},"14":{"type":"branch","line":33,"loc":{"start":{"line":33,"column":5},"end":{"line":58,"column":5}},"locations":[{"start":{"line":33,"column":5},"end":{"line":58,"column":5}}]},"15":{"type":"branch","line":34,"loc":{"start":{"line":34,"column":30},"end":{"line":37,"column":13}},"locations":[{"start":{"line":34,"column":30},"end":{"line":37,"column":13}}]},"16":{"type":"branch","line":37,"loc":{"start":{"line":37,"column":7},"end":{"line":57,"column":7}},"locations":[{"start":{"line":37,"column":7},"end":{"line":57,"column":7}}]},"17":{"type":"branch","line":37,"loc":{"start":{"line":37,"column":37},"end":{"line":40,"column":13}},"locations":[{"start":{"line":37,"column":37},"end":{"line":40,"column":13}}]},"18":{"type":"branch","line":40,"loc":{"start":{"line":40,"column":7},"end":{"line":57,"column":7}},"locations":[{"start":{"line":40,"column":7},"end":{"line":57,"column":7}}]},"19":{"type":"branch","line":40,"loc":{"start":{"line":40,"column":86},"end":{"line":54,"column":13}},"locations":[{"start":{"line":40,"column":86},"end":{"line":54,"column":13}}]},"20":{"type":"branch","line":41,"loc":{"start":{"line":41,"column":36},"end":{"line":45,"column":15}},"locations":[{"start":{"line":41,"column":36},"end":{"line":45,"column":15}}]},"21":{"type":"branch","line":45,"loc":{"start":{"line":45,"column":9},"end":{"line":53,"column":9}},"locations":[{"start":{"line":45,"column":9},"end":{"line":53,"column":9}}]},"22":{"type":"branch","line":45,"loc":{"start":{"line":45,"column":43},"end":{"line":49,"column":15}},"locations":[{"start":{"line":45,"column":43},"end":{"line":49,"column":15}}]},"23":{"type":"branch","line":54,"loc":{"start":{"line":54,"column":7},"end":{"line":57,"column":7}},"locations":[{"start":{"line":54,"column":7},"end":{"line":57,"column":7}}]}},"b":{"0":[42],"1":[54],"2":[18],"3":[36],"4":[30],"5":[108],"6":[36],"7":[24],"8":[84],"9":[12],"10":[6],"11":[78],"12":[12],"13":[12],"14":[66],"15":[18],"16":[48],"17":[6],"18":[42],"19":[24],"20":[6],"21":[18],"22":[0],"23":[18]},"fnMap":{"0":{"name":"getNotComparedValue","decl":{"start":{"line":3,"column":29},"end":{"line":18,"column":2}},"loc":{"start":{"line":3,"column":29},"end":{"line":18,"column":2}},"line":3},"1":{"name":"getDifference","decl":{"start":{"line":19,"column":22},"end":{"line":61,"column":2}},"loc":{"start":{"line":19,"column":22},"end":{"line":61,"column":2}},"line":19}},"f":{"0":42,"1":30}}
,"/Users/andrei/WebstormProjects/frontend-project-lvl2/frontend-project-lvl2/src/parsers.js": {"path":"/Users/andrei/WebstormProjects/frontend-project-lvl2/frontend-project-lvl2/src/parsers.js","all":false,"statementMap":{"0":{"start":{"line":1,"column":0},"end":{"line":1,"column":29}},"1":{"start":{"line":2,"column":0},"end":{"line":2,"column":27}},"2":{"start":{"line":3,"column":0},"end":{"line":3,"column":41}},"3":{"start":{"line":4,"column":0},"end":{"line":4,"column":0}},"4":{"start":{"line":5,"column":0},"end":{"line":5,"column":30}},"5":{"start":{"line":6,"column":0},"end":{"line":6,"column":36}},"6":{"start":{"line":7,"column":0},"end":{"line":7,"column":27}},"7":{"start":{"line":8,"column":0},"end":{"line":8,"column":38}},"8":{"start":{"line":9,"column":0},"end":{"line":9,"column":55}},"9":{"start":{"line":10,"column":0},"end":{"line":10,"column":37}},"10":{"start":{"line":11,"column":0},"end":{"line":11,"column":3}},"11":{"start":{"line":12,"column":0},"end":{"line":12,"column":2}},"12":{"start":{"line":13,"column":0},"end":{"line":13,"column":26}}},"s":{"0":1,"1":1,"2":1,"3":1,"4":1,"5":12,"6":12,"7":6,"8":6,"9":6,"10":6,"11":12,"12":1},"branchMap":{"0":{"type":"branch","line":5,"loc":{"start":{"line":5,"column":20},"end":{"line":12,"column":2}},"locations":[{"start":{"line":5,"column":20},"end":{"line":12,"column":2}}]},"1":{"type":"branch","line":7,"loc":{"start":{"line":7,"column":26},"end":{"line":11,"column":3}},"locations":[{"start":{"line":7,"column":26},"end":{"line":11,"column":3}}]},"2":{"type":"branch","line":9,"loc":{"start":{"line":9,"column":13},"end":{"line":9,"column":54}},"locations":[{"start":{"line":9,"column":13},"end":{"line":9,"column":54}}]}},"b":{"0":[12],"1":[6],"2":[4]},"fnMap":{"0":{"name":"startParse","decl":{"start":{"line":5,"column":20},"end":{"line":12,"column":2}},"loc":{"start":{"line":5,"column":20},"end":{"line":12,"column":2}},"line":5}},"f":{"0":12}}
,"/Users/andrei/WebstormProjects/frontend-project-lvl2/frontend-project-lvl2/src/readFile.js": {"path":"/Users/andrei/WebstormProjects/frontend-project-lvl2/frontend-project-lvl2/src/readFile.js","all":false,"statementMap":{"0":{"start":{"line":1,"column":0},"end":{"line":1,"column":36}},"1":{"start":{"line":2,"column":0},"end":{"line":2,"column":37}},"2":{"start":{"line":3,"column":0},"end":{"line":3,"column":38}},"3":{"start":{"line":4,"column":0},"end":{"line":4,"column":20}},"4":{"start":{"line":5,"column":0},"end":{"line":5,"column":0}},"5":{"start":{"line":6,"column":0},"end":{"line":6,"column":50}},"6":{"start":{"line":7,"column":0},"end":{"line":7,"column":38}},"7":{"start":{"line":8,"column":0},"end":{"line":8,"column":90}},"8":{"start":{"line":9,"column":0},"end":{"line":9,"column":89}},"9":{"start":{"line":10,"column":0},"end":{"line":10,"column":58}},"10":{"start":{"line":11,"column":0},"end":{"line":11,"column":30}}},"s":{"0":1,"1":1,"2":1,"3":1,"4":1,"5":1,"6":1,"7":1,"8":1,"9":1,"10":1},"branchMap":{"0":{"type":"branch","line":8,"loc":{"start":{"line":8,"column":24},"end":{"line":8,"column":41}},"locations":[{"start":{"line":8,"column":24},"end":{"line":8,"column":41}}]},"1":{"type":"branch","line":9,"loc":{"start":{"line":9,"column":25},"end":{"line":9,"column":40}},"locations":[{"start":{"line":9,"column":25},"end":{"line":9,"column":40}}]},"2":{"type":"branch","line":10,"loc":{"start":{"line":10,"column":24},"end":{"line":10,"column":48}},"locations":[{"start":{"line":10,"column":24},"end":{"line":10,"column":48}}]}},"b":{"0":[18],"1":[18],"2":[12]},"fnMap":{"0":{"name":"getFixturePath","decl":{"start":{"line":8,"column":24},"end":{"line":8,"column":41}},"loc":{"start":{"line":8,"column":24},"end":{"line":8,"column":41}},"line":8},"1":{"name":"readFile","decl":{"start":{"line":9,"column":25},"end":{"line":9,"column":40}},"loc":{"start":{"line":9,"column":25},"end":{"line":9,"column":40}},"line":9},"2":{"name":"readParsedFile","decl":{"start":{"line":10,"column":24},"end":{"line":10,"column":48}},"loc":{"start":{"line":10,"column":24},"end":{"line":10,"column":48}},"line":10}},"f":{"0":18,"1":18,"2":12}}
,"/Users/andrei/WebstormProjects/frontend-project-lvl2/frontend-project-lvl2/src/formatter/plain.js": {"path":"/Users/andrei/WebstormProjects/frontend-project-lvl2/frontend-project-lvl2/src/formatter/plain.js","all":false,"statementMap":{"0":{"start":{"line":1,"column":0},"end":{"line":1,"column":23}},"1":{"start":{"line":2,"column":0},"end":{"line":2,"column":0}},"2":{"start":{"line":3,"column":0},"end":{"line":3,"column":29}},"3":{"start":{"line":4,"column":0},"end":{"line":4,"column":58}},"4":{"start":{"line":5,"column":0},"end":{"line":5,"column":2}},"5":{"start":{"line":6,"column":0},"end":{"line":6,"column":25}},"6":{"start":{"line":7,"column":0},"end":{"line":7,"column":31}},"7":{"start":{"line":8,"column":0},"end":{"line":8,"column":25}},"8":{"start":{"line":9,"column":0},"end":{"line":9,"column":16}},"9":{"start":{"line":10,"column":0},"end":{"line":10,"column":42}},"10":{"start":{"line":11,"column":0},"end":{"line":11,"column":35}},"11":{"start":{"line":12,"column":0},"end":{"line":12,"column":5}},"12":{"start":{"line":13,"column":0},"end":{"line":13,"column":26}},"13":{"start":{"line":14,"column":0},"end":{"line":14,"column":58}},"14":{"start":{"line":15,"column":0},"end":{"line":15,"column":40}},"15":{"start":{"line":16,"column":0},"end":{"line":16,"column":70}},"16":{"start":{"line":17,"column":0},"end":{"line":17,"column":45}},"17":{"start":{"line":18,"column":0},"end":{"line":18,"column":72}},"18":{"start":{"line":19,"column":0},"end":{"line":19,"column":47}},"19":{"start":{"line":20,"column":0},"end":{"line":20,"column":7}},"20":{"start":{"line":21,"column":0},"end":{"line":21,"column":33}},"21":{"start":{"line":22,"column":0},"end":{"line":22,"column":91}},"22":{"start":{"line":23,"column":0},"end":{"line":23,"column":42}},"23":{"start":{"line":24,"column":0},"end":{"line":24,"column":58}},"24":{"start":{"line":25,"column":0},"end":{"line":25,"column":14}},"25":{"start":{"line":26,"column":0},"end":{"line":26,"column":41}},"26":{"start":{"line":27,"column":0},"end":{"line":27,"column":127}},"27":{"start":{"line":28,"column":0},"end":{"line":28,"column":16}},"28":{"start":{"line":29,"column":0},"end":{"line":29,"column":60}},"29":{"start":{"line":30,"column":0},"end":{"line":30,"column":9}},"30":{"start":{"line":31,"column":0},"end":{"line":31,"column":7}},"31":{"start":{"line":32,"column":0},"end":{"line":32,"column":5}},"32":{"start":{"line":33,"column":0},"end":{"line":33,"column":4}},"33":{"start":{"line":34,"column":0},"end":{"line":34,"column":24}},"34":{"start":{"line":35,"column":0},"end":{"line":35,"column":2}},"35":{"start":{"line":36,"column":0},"end":{"line":36,"column":21}}},"s":{"0":1,"1":1,"2":1,"3":39,"4":39,"5":1,"6":3,"7":78,"8":15,"9":15,"10":15,"11":15,"12":78,"13":54,"14":9,"15":54,"16":0,"17":45,"18":3,"19":3,"20":54,"21":15,"22":54,"23":6,"24":39,"25":33,"26":12,"27":33,"28":21,"29":21,"30":33,"31":54,"32":78,"33":3,"34":3,"35":1},"branchMap":{"0":{"type":"branch","line":3,"loc":{"start":{"line":3,"column":18},"end":{"line":5,"column":2}},"locations":[{"start":{"line":3,"column":18},"end":{"line":5,"column":2}}]},"1":{"type":"branch","line":4,"loc":{"start":{"line":4,"column":9},"end":{"line":4,"column":52}},"locations":[{"start":{"line":4,"column":9},"end":{"line":4,"column":52}}]},"2":{"type":"branch","line":4,"loc":{"start":{"line":4,"column":9},"end":{"line":4,"column":58}},"locations":[{"start":{"line":4,"column":9},"end":{"line":4,"column":58}}]},"3":{"type":"branch","line":6,"loc":{"start":{"line":6,"column":15},"end":{"line":35,"column":2}},"locations":[{"start":{"line":6,"column":15},"end":{"line":35,"column":2}}]},"4":{"type":"branch","line":7,"loc":{"start":{"line":7,"column":15},"end":{"line":33,"column":4}},"locations":[{"start":{"line":7,"column":15},"end":{"line":33,"column":4}}]},"5":{"type":"branch","line":8,"loc":{"start":{"line":8,"column":24},"end":{"line":12,"column":5}},"locations":[{"start":{"line":8,"column":24},"end":{"line":12,"column":5}}]},"6":{"type":"branch","line":13,"loc":{"start":{"line":13,"column":-1},"end":{"line":13,"column":8}},"locations":[{"start":{"line":13,"column":-1},"end":{"line":13,"column":8}}]},"7":{"type":"branch","line":13,"loc":{"start":{"line":13,"column":25},"end":{"line":32,"column":5}},"locations":[{"start":{"line":13,"column":25},"end":{"line":32,"column":5}}]},"8":{"type":"branch","line":14,"loc":{"start":{"line":14,"column":57},"end":{"line":16,"column":13}},"locations":[{"start":{"line":14,"column":57},"end":{"line":16,"column":13}}]},"9":{"type":"branch","line":16,"loc":{"start":{"line":16,"column":7},"end":{"line":20,"column":7}},"locations":[{"start":{"line":16,"column":7},"end":{"line":20,"column":7}}]},"10":{"type":"branch","line":16,"loc":{"start":{"line":16,"column":69},"end":{"line":18,"column":13}},"locations":[{"start":{"line":16,"column":69},"end":{"line":18,"column":13}}]},"11":{"type":"branch","line":18,"loc":{"start":{"line":18,"column":71},"end":{"line":20,"column":7}},"locations":[{"start":{"line":18,"column":71},"end":{"line":20,"column":7}}]},"12":{"type":"branch","line":21,"loc":{"start":{"line":21,"column":32},"end":{"line":23,"column":13}},"locations":[{"start":{"line":21,"column":32},"end":{"line":23,"column":13}}]},"13":{"type":"branch","line":23,"loc":{"start":{"line":23,"column":7},"end":{"line":31,"column":7}},"locations":[{"start":{"line":23,"column":7},"end":{"line":31,"column":7}}]},"14":{"type":"branch","line":23,"loc":{"start":{"line":23,"column":41},"end":{"line":25,"column":13}},"locations":[{"start":{"line":23,"column":41},"end":{"line":25,"column":13}}]},"15":{"type":"branch","line":25,"loc":{"start":{"line":25,"column":7},"end":{"line":31,"column":7}},"locations":[{"start":{"line":25,"column":7},"end":{"line":31,"column":7}}]},"16":{"type":"branch","line":26,"loc":{"start":{"line":26,"column":40},"end":{"line":28,"column":15}},"locations":[{"start":{"line":26,"column":40},"end":{"line":28,"column":15}}]},"17":{"type":"branch","line":28,"loc":{"start":{"line":28,"column":9},"end":{"line":30,"column":9}},"locations":[{"start":{"line":28,"column":9},"end":{"line":30,"column":9}}]},"18":{"type":"branch","line":10,"loc":{"start":{"line":10,"column":14},"end":{"line":10,"column":29}},"locations":[{"start":{"line":10,"column":14},"end":{"line":10,"column":29}}]},"19":{"type":"branch","line":11,"loc":{"start":{"line":11,"column":16},"end":{"line":11,"column":24}},"locations":[{"start":{"line":11,"column":16},"end":{"line":11,"column":24}}]}},"b":{"0":[39],"1":[21],"2":[18],"3":[3],"4":[78],"5":[15],"6":[63],"7":[54],"8":[9],"9":[45],"10":[0],"11":[3],"12":[15],"13":[39],"14":[6],"15":[33],"16":[12],"17":[21],"18":[54],"19":[54]},"fnMap":{"0":{"name":"isString","decl":{"start":{"line":3,"column":18},"end":{"line":5,"column":2}},"loc":{"start":{"line":3,"column":18},"end":{"line":5,"column":2}},"line":3},"1":{"name":"plain","decl":{"start":{"line":6,"column":15},"end":{"line":35,"column":2}},"loc":{"start":{"line":6,"column":15},"end":{"line":35,"column":2}},"line":6},"2":{"name":"iter","decl":{"start":{"line":7,"column":15},"end":{"line":33,"column":4}},"loc":{"start":{"line":7,"column":15},"end":{"line":33,"column":4}},"line":7}},"f":{"0":39,"1":3,"2":78}}
,"/Users/andrei/WebstormProjects/frontend-project-lvl2/frontend-project-lvl2/src/formatter/stylish.js": {"path":"/Users/andrei/WebstormProjects/frontend-project-lvl2/frontend-project-lvl2/src/formatter/stylish.js","all":false,"statementMap":{"0":{"start":{"line":1,"column":0},"end":{"line":1,"column":23}},"1":{"start":{"line":2,"column":0},"end":{"line":2,"column":0}},"2":{"start":{"line":3,"column":0},"end":{"line":3,"column":61}},"3":{"start":{"line":4,"column":0},"end":{"line":4,"column":32}},"4":{"start":{"line":5,"column":0},"end":{"line":5,"column":43}},"5":{"start":{"line":6,"column":0},"end":{"line":6,"column":47}},"6":{"start":{"line":7,"column":0},"end":{"line":7,"column":68}},"7":{"start":{"line":8,"column":0},"end":{"line":8,"column":25}},"8":{"start":{"line":9,"column":0},"end":{"line":9,"column":24}},"9":{"start":{"line":10,"column":0},"end":{"line":10,"column":55}},"10":{"start":{"line":11,"column":0},"end":{"line":11,"column":14}},"11":{"start":{"line":12,"column":0},"end":{"line":12,"column":12}},"12":{"start":{"line":13,"column":0},"end":{"line":13,"column":15}},"13":{"start":{"line":14,"column":0},"end":{"line":14,"column":28}},"14":{"start":{"line":15,"column":0},"end":{"line":15,"column":19}},"15":{"start":{"line":16,"column":0},"end":{"line":16,"column":5}},"16":{"start":{"line":17,"column":0},"end":{"line":17,"column":26}},"17":{"start":{"line":18,"column":0},"end":{"line":18,"column":25}},"18":{"start":{"line":19,"column":0},"end":{"line":19,"column":23}},"19":{"start":{"line":20,"column":0},"end":{"line":20,"column":25}},"20":{"start":{"line":21,"column":0},"end":{"line":21,"column":27}},"21":{"start":{"line":22,"column":0},"end":{"line":22,"column":43}},"22":{"start":{"line":23,"column":0},"end":{"line":23,"column":20}},"23":{"start":{"line":24,"column":0},"end":{"line":24,"column":76}},"24":{"start":{"line":25,"column":0},"end":{"line":25,"column":74}},"25":{"start":{"line":26,"column":0},"end":{"line":26,"column":25}},"26":{"start":{"line":27,"column":0},"end":{"line":27,"column":18}},"27":{"start":{"line":28,"column":0},"end":{"line":28,"column":74}},"28":{"start":{"line":29,"column":0},"end":{"line":29,"column":11}},"29":{"start":{"line":30,"column":0},"end":{"line":30,"column":23}},"30":{"start":{"line":31,"column":0},"end":{"line":31,"column":72}},"31":{"start":{"line":32,"column":0},"end":{"line":32,"column":21}},"32":{"start":{"line":33,"column":0},"end":{"line":33,"column":72}},"33":{"start":{"line":34,"column":0},"end":{"line":34,"column":7}},"34":{"start":{"line":35,"column":0},"end":{"line":35,"column":5}},"35":{"start":{"line":36,"column":0},"end":{"line":36,"column":15}},"36":{"start":{"line":37,"column":0},"end":{"line":37,"column":4}},"37":{"start":{"line":38,"column":0},"end":{"line":38,"column":23}},"38":{"start":{"line":39,"column":0},"end":{"line":39,"column":2}},"39":{"start":{"line":40,"column":0},"end":{"line":40,"column":23}}},"s":{"0":1,"1":1,"2":1,"3":3,"4":177,"5":177,"6":177,"7":177,"8":36,"9":36,"10":36,"11":36,"12":36,"13":36,"14":36,"15":36,"16":177,"17":81,"18":81,"19":81,"20":81,"21":60,"22":12,"23":12,"24":12,"25":12,"26":60,"27":48,"28":48,"29":81,"30":81,"31":81,"32":81,"33":81,"34":81,"35":60,"36":60,"37":3,"38":3,"39":1},"branchMap":{"0":{"type":"branch","line":3,"loc":{"start":{"line":3,"column":16},"end":{"line":39,"column":2}},"locations":[{"start":{"line":3,"column":16},"end":{"line":39,"column":2}}]},"1":{"type":"branch","line":4,"loc":{"start":{"line":4,"column":15},"end":{"line":37,"column":4}},"locations":[{"start":{"line":4,"column":15},"end":{"line":37,"column":4}}]},"2":{"type":"branch","line":8,"loc":{"start":{"line":8,"column":24},"end":{"line":16,"column":5}},"locations":[{"start":{"line":8,"column":24},"end":{"line":16,"column":5}}]},"3":{"type":"branch","line":17,"loc":{"start":{"line":17,"column":-1},"end":{"line":17,"column":8}},"locations":[{"start":{"line":17,"column":-1},"end":{"line":17,"column":8}}]},"4":{"type":"branch","line":17,"loc":{"start":{"line":17,"column":25},"end":{"line":35,"column":5}},"locations":[{"start":{"line":17,"column":25},"end":{"line":35,"column":5}}]},"5":{"type":"branch","line":19,"loc":{"start":{"line":19,"column":8},"end":{"line":19,"column":13}},"locations":[{"start":{"line":19,"column":8},"end":{"line":19,"column":13}}]},"6":{"type":"branch","line":20,"loc":{"start":{"line":20,"column":8},"end":{"line":20,"column":13}},"locations":[{"start":{"line":20,"column":8},"end":{"line":20,"column":13}}]},"7":{"type":"branch","line":21,"loc":{"start":{"line":21,"column":8},"end":{"line":29,"column":11}},"locations":[{"start":{"line":21,"column":8},"end":{"line":29,"column":11}}]},"8":{"type":"branch","line":22,"loc":{"start":{"line":22,"column":42},"end":{"line":27,"column":17}},"locations":[{"start":{"line":22,"column":42},"end":{"line":27,"column":17}}]},"9":{"type":"branch","line":27,"loc":{"start":{"line":27,"column":11},"end":{"line":29,"column":11}},"locations":[{"start":{"line":27,"column":11},"end":{"line":29,"column":11}}]},"10":{"type":"branch","line":30,"loc":{"start":{"line":30,"column":8},"end":{"line":31,"column":18}},"locations":[{"start":{"line":30,"column":8},"end":{"line":31,"column":18}}]},"11":{"type":"branch","line":32,"loc":{"start":{"line":32,"column":8},"end":{"line":33,"column":18}},"locations":[{"start":{"line":32,"column":8},"end":{"line":33,"column":18}}]},"12":{"type":"branch","line":36,"loc":{"start":{"line":36,"column":-1},"end":{"line":37,"column":4}},"locations":[{"start":{"line":36,"column":-1},"end":{"line":37,"column":4}}]},"13":{"type":"branch","line":10,"loc":{"start":{"line":10,"column":14},"end":{"line":10,"column":29}},"locations":[{"start":{"line":10,"column":14},"end":{"line":10,"column":29}}]}},"b":{"0":[3],"1":[177],"2":[36],"3":[141],"4":[81],"5":[24],"6":[33],"7":[60],"8":[12],"9":[48],"10":[6],"11":[15],"12":[60],"13":[81]},"fnMap":{"0":{"name":"stylish","decl":{"start":{"line":3,"column":16},"end":{"line":39,"column":2}},"loc":{"start":{"line":3,"column":16},"end":{"line":39,"column":2}},"line":3},"1":{"name":"iter","decl":{"start":{"line":4,"column":15},"end":{"line":37,"column":4}},"loc":{"start":{"line":4,"column":15},"end":{"line":37,"column":4}},"line":4}},"f":{"0":3,"1":177}}
}
