{"/Users/andrei/WebstormProjects/frontend-project-lvl2/frontend-project-lvl2/src/genDiff.js": {"path":"/Users/andrei/WebstormProjects/frontend-project-lvl2/frontend-project-lvl2/src/genDiff.js","all":false,"statementMap":{"0":{"start":{"line":1,"column":0},"end":{"line":1,"column":23}},"1":{"start":{"line":2,"column":0},"end":{"line":2,"column":0}},"2":{"start":{"line":3,"column":0},"end":{"line":3,"column":41}},"3":{"start":{"line":4,"column":0},"end":{"line":4,"column":54}},"4":{"start":{"line":5,"column":0},"end":{"line":5,"column":54}},"5":{"start":{"line":6,"column":0},"end":{"line":6,"column":79}},"6":{"start":{"line":7,"column":0},"end":{"line":7,"column":36}},"7":{"start":{"line":8,"column":0},"end":{"line":8,"column":22}},"8":{"start":{"line":9,"column":0},"end":{"line":9,"column":15}},"9":{"start":{"line":10,"column":0},"end":{"line":10,"column":5}},"10":{"start":{"line":11,"column":0},"end":{"line":11,"column":22}},"11":{"start":{"line":12,"column":0},"end":{"line":12,"column":16}},"12":{"start":{"line":13,"column":0},"end":{"line":13,"column":5}},"13":{"start":{"line":14,"column":0},"end":{"line":14,"column":13}},"14":{"start":{"line":15,"column":0},"end":{"line":15,"column":5}},"15":{"start":{"line":16,"column":0},"end":{"line":16,"column":2}},"16":{"start":{"line":17,"column":0},"end":{"line":17,"column":35}},"17":{"start":{"line":18,"column":0},"end":{"line":18,"column":75}},"18":{"start":{"line":19,"column":0},"end":{"line":19,"column":30}},"19":{"start":{"line":20,"column":0},"end":{"line":20,"column":36}},"20":{"start":{"line":21,"column":0},"end":{"line":21,"column":37}},"21":{"start":{"line":22,"column":0},"end":{"line":22,"column":12}},"22":{"start":{"line":23,"column":0},"end":{"line":23,"column":93}},"23":{"start":{"line":24,"column":0},"end":{"line":24,"column":5}},"24":{"start":{"line":25,"column":0},"end":{"line":25,"column":15}},"25":{"start":{"line":26,"column":0},"end":{"line":26,"column":9}},"26":{"start":{"line":27,"column":0},"end":{"line":27,"column":34}},"27":{"start":{"line":28,"column":0},"end":{"line":28,"column":2}},"28":{"start":{"line":29,"column":0},"end":{"line":29,"column":23}}},"s":{"0":1,"1":1,"2":1,"3":4,"4":4,"5":4,"6":4,"7":11,"8":7,"9":7,"10":11,"11":2,"12":2,"13":2,"14":2,"15":4,"16":1,"17":4,"18":11,"19":11,"20":1,"21":11,"22":10,"23":10,"24":11,"25":4,"26":4,"27":4,"28":1},"branchMap":{"0":{"type":"branch","line":3,"loc":{"start":{"line":3,"column":22},"end":{"line":16,"column":2}},"locations":[{"start":{"line":3,"column":22},"end":{"line":16,"column":2}}]},"1":{"type":"branch","line":7,"loc":{"start":{"line":7,"column":25},"end":{"line":15,"column":5}},"locations":[{"start":{"line":7,"column":25},"end":{"line":15,"column":5}}]},"2":{"type":"branch","line":8,"loc":{"start":{"line":8,"column":21},"end":{"line":10,"column":5}},"locations":[{"start":{"line":8,"column":21},"end":{"line":10,"column":5}}]},"3":{"type":"branch","line":11,"loc":{"start":{"line":11,"column":-1},"end":{"line":11,"column":8}},"locations":[{"start":{"line":11,"column":-1},"end":{"line":11,"column":8}}]},"4":{"type":"branch","line":11,"loc":{"start":{"line":11,"column":21},"end":{"line":15,"column":5}},"locations":[{"start":{"line":11,"column":21},"end":{"line":15,"column":5}}]},"5":{"type":"branch","line":17,"loc":{"start":{"line":17,"column":16},"end":{"line":28,"column":2}},"locations":[{"start":{"line":17,"column":16},"end":{"line":28,"column":2}}]},"6":{"type":"branch","line":18,"loc":{"start":{"line":18,"column":59},"end":{"line":26,"column":5}},"locations":[{"start":{"line":18,"column":59},"end":{"line":26,"column":5}}]},"7":{"type":"branch","line":20,"loc":{"start":{"line":20,"column":35},"end":{"line":22,"column":11}},"locations":[{"start":{"line":20,"column":35},"end":{"line":22,"column":11}}]},"8":{"type":"branch","line":22,"loc":{"start":{"line":22,"column":5},"end":{"line":24,"column":5}},"locations":[{"start":{"line":22,"column":5},"end":{"line":24,"column":5}}]},"9":{"type":"branch","line":23,"loc":{"start":{"line":23,"column":6},"end":{"line":23,"column":32}},"locations":[{"start":{"line":23,"column":6},"end":{"line":23,"column":32}}]},"10":{"type":"branch","line":23,"loc":{"start":{"line":23,"column":6},"end":{"line":23,"column":65}},"locations":[{"start":{"line":23,"column":6},"end":{"line":23,"column":65}}]}},"b":{"0":[4],"1":[11],"2":[7],"3":[4],"4":[2],"5":[4],"6":[11],"7":[1],"8":[10],"9":[5],"10":[5]},"fnMap":{"0":{"name":"getCommonFile","decl":{"start":{"line":3,"column":22},"end":{"line":16,"column":2}},"loc":{"start":{"line":3,"column":22},"end":{"line":16,"column":2}},"line":3},"1":{"name":"genDiff","decl":{"start":{"line":17,"column":16},"end":{"line":28,"column":2}},"loc":{"start":{"line":17,"column":16},"end":{"line":28,"column":2}},"line":17}},"f":{"0":4,"1":4}}
}
