TN:
SF:src/genDiff.js
FN:3,getCommonFile
FN:17,genDiff
FNF:2
FNH:2
FNDA:4,getCommonFile
FNDA:4,genDiff
DA:1,1
DA:2,1
DA:3,1
DA:4,4
DA:5,4
DA:6,4
DA:7,4
DA:8,11
DA:9,7
DA:10,7
DA:11,11
DA:12,2
DA:13,2
DA:14,2
DA:15,2
DA:16,4
DA:17,1
DA:18,4
DA:19,11
DA:20,11
DA:21,1
DA:22,11
DA:23,10
DA:24,10
DA:25,11
DA:26,4
DA:27,4
DA:28,4
DA:29,1
LF:29
LH:29
BRDA:3,0,0,4
BRDA:7,1,0,11
BRDA:8,2,0,7
BRDA:11,3,0,4
BRDA:11,4,0,2
BRDA:17,5,0,4
BRDA:18,6,0,11
BRDA:20,7,0,1
BRDA:22,8,0,10
BRDA:23,9,0,5
BRDA:23,10,0,5
BRF:11
BRH:11
end_of_record
