TN:
SF:src/getDifference.js
FN:3,getNotComparedValue
FN:19,getDifference
FNF:2
FNH:2
FNDA:42,getNotComparedValue
FNDA:30,getDifference
DA:1,1
DA:2,1
DA:3,1
DA:4,42
DA:5,42
DA:6,42
DA:7,54
DA:8,54
DA:9,54
DA:10,18
DA:11,18
DA:12,54
DA:13,36
DA:14,36
DA:15,36
DA:16,54
DA:17,54
DA:18,42
DA:19,1
DA:20,30
DA:21,30
DA:22,108
DA:23,108
DA:24,108
DA:25,24
DA:26,24
DA:27,108
DA:28,6
DA:29,6
DA:30,84
DA:31,12
DA:32,12
DA:33,78
DA:34,66
DA:35,18
DA:36,18
DA:37,66
DA:38,6
DA:39,6
DA:40,48
DA:41,24
DA:42,6
DA:43,6
DA:44,6
DA:45,24
DA:46,0
DA:47,0
DA:48,0
DA:49,18
DA:50,18
DA:51,18
DA:52,18
DA:53,18
DA:54,42
DA:55,18
DA:56,18
DA:57,18
DA:58,66
DA:59,108
DA:60,108
DA:61,30
DA:62,1
LF:62
LH:59
BRDA:3,0,0,42
BRDA:6,1,0,54
BRDA:9,2,0,18
BRDA:12,3,0,36
BRDA:19,4,0,30
BRDA:21,5,0,108
BRDA:24,6,0,36
BRDA:24,7,0,24
BRDA:27,8,0,84
BRDA:27,9,0,12
BRDA:27,10,0,6
BRDA:30,11,0,78
BRDA:30,12,0,12
BRDA:30,13,0,12
BRDA:33,14,0,66
BRDA:34,15,0,18
BRDA:37,16,0,48
BRDA:37,17,0,6
BRDA:40,18,0,42
BRDA:40,19,0,24
BRDA:41,20,0,6
BRDA:45,21,0,18
BRDA:45,22,0,0
BRDA:54,23,0,18
BRF:24
BRH:23
end_of_record
TN:
SF:src/parsers.js
FN:5,startParse
FNF:1
FNH:1
FNDA:12,startParse
DA:1,1
DA:2,1
DA:3,1
DA:4,1
DA:5,1
DA:6,12
DA:7,12
DA:8,6
DA:9,6
DA:10,6
DA:11,6
DA:12,12
DA:13,1
LF:13
LH:13
BRDA:5,0,0,12
BRDA:7,1,0,6
BRDA:9,2,0,4
BRF:3
BRH:3
end_of_record
TN:
SF:src/readFile.js
FN:8,getFixturePath
FN:9,readFile
FN:10,readParsedFile
FNF:3
FNH:3
FNDA:18,getFixturePath
FNDA:18,readFile
FNDA:12,readParsedFile
DA:1,1
DA:2,1
DA:3,1
DA:4,1
DA:5,1
DA:6,1
DA:7,1
DA:8,1
DA:9,1
DA:10,1
DA:11,1
LF:11
LH:11
BRDA:8,0,0,18
BRDA:9,1,0,18
BRDA:10,2,0,12
BRF:3
BRH:3
end_of_record
TN:
SF:src/formatter/plain.js
FN:3,isString
FN:6,plain
FN:7,iter
FNF:3
FNH:3
FNDA:39,isString
FNDA:3,plain
FNDA:78,iter
DA:1,1
DA:2,1
DA:3,1
DA:4,39
DA:5,39
DA:6,1
DA:7,3
DA:8,78
DA:9,15
DA:10,15
DA:11,15
DA:12,15
DA:13,78
DA:14,54
DA:15,9
DA:16,54
DA:17,0
DA:18,45
DA:19,3
DA:20,3
DA:21,54
DA:22,15
DA:23,54
DA:24,6
DA:25,39
DA:26,33
DA:27,12
DA:28,33
DA:29,21
DA:30,21
DA:31,33
DA:32,54
DA:33,78
DA:34,3
DA:35,3
DA:36,1
LF:36
LH:35
BRDA:3,0,0,39
BRDA:4,1,0,21
BRDA:4,2,0,18
BRDA:6,3,0,3
BRDA:7,4,0,78
BRDA:8,5,0,15
BRDA:13,6,0,63
BRDA:13,7,0,54
BRDA:14,8,0,9
BRDA:16,9,0,45
BRDA:16,10,0,0
BRDA:18,11,0,3
BRDA:21,12,0,15
BRDA:23,13,0,39
BRDA:23,14,0,6
BRDA:25,15,0,33
BRDA:26,16,0,12
BRDA:28,17,0,21
BRDA:10,18,0,54
BRDA:11,19,0,54
BRF:20
BRH:19
end_of_record
TN:
SF:src/formatter/stylish.js
FN:3,stylish
FN:4,iter
FNF:2
FNH:2
FNDA:3,stylish
FNDA:177,iter
DA:1,1
DA:2,1
DA:3,1
DA:4,3
DA:5,177
DA:6,177
DA:7,177
DA:8,177
DA:9,36
DA:10,36
DA:11,36
DA:12,36
DA:13,36
DA:14,36
DA:15,36
DA:16,36
DA:17,177
DA:18,81
DA:19,81
DA:20,81
DA:21,81
DA:22,60
DA:23,12
DA:24,12
DA:25,12
DA:26,12
DA:27,60
DA:28,48
DA:29,48
DA:30,81
DA:31,81
DA:32,81
DA:33,81
DA:34,81
DA:35,81
DA:36,60
DA:37,60
DA:38,3
DA:39,3
DA:40,1
LF:40
LH:40
BRDA:3,0,0,3
BRDA:4,1,0,177
BRDA:8,2,0,36
BRDA:17,3,0,141
BRDA:17,4,0,81
BRDA:19,5,0,24
BRDA:20,6,0,33
BRDA:21,7,0,60
BRDA:22,8,0,12
BRDA:27,9,0,48
BRDA:30,10,0,6
BRDA:32,11,0,15
BRDA:36,12,0,60
BRDA:10,13,0,81
BRF:14
BRH:14
end_of_record
